Построение начато 04.02.2014 21:54:59.
     1>Проект "C:\Users\Jafar\Documents\My Projects\NTFS_Converter\NTFS_Converter\NTFS_Converter.vcxproj" в узле 2 (целевые объекты build).
     1>InitializeBuildStatus:
         Создание "Debug\NTFS_Converter.unsuccessfulbuild", так как было задано "AlwaysCreate".
       ClCompile:
         C:\Program Files\Microsoft Visual Studio 10.0\VC\bin\CL.exe /c /ZI /nologo /W3 /WX- /Od /Oy- /D WIN32 /D _DEBUG /D _CONSOLE /D _UNICODE /D UNICODE /Gm /EHsc /RTC1 /MDd /GS /fp:precise /Zc:wchar_t /Zc:forScope /Fo"Debug\\" /Fd"Debug\vc100.pdb" /Gd /TP /analyze- /errorReport:prompt main.cpp
         main.cpp
       ManifestResourceCompile:
         Для всех выходных данных обновления не требуется.
       Link:
         C:\Program Files\Microsoft Visual Studio 10.0\VC\bin\link.exe /ERRORREPORT:PROMPT /OUT:"C:\Users\Jafar\Documents\My Projects\NTFS_Converter\Debug\NTFS_Converter.exe" /INCREMENTAL /NOLOGO kernel32.lib user32.lib gdi32.lib winspool.lib comdlg32.lib advapi32.lib shell32.lib ole32.lib oleaut32.lib uuid.lib odbc32.lib odbccp32.lib /MANIFEST /ManifestFile:"Debug\NTFS_Converter.exe.intermediate.manifest" /MANIFESTUAC:"level='asInvoker' uiAccess='false'" /DEBUG /PDB:"C:\Users\Jafar\Documents\My Projects\NTFS_Converter\Debug\NTFS_Converter.pdb" /SUBSYSTEM:CONSOLE /TLBID:1 /DYNAMICBASE /NXCOMPAT /IMPLIB:"C:\Users\Jafar\Documents\My Projects\NTFS_Converter\Debug\NTFS_Converter.lib" /MACHINE:X86 Debug\NTFS_Converter.exe.embed.manifest.res
         Debug\main.obj
       Manifest:
         C:\Program Files\Microsoft SDKs\Windows\v7.0A\bin\mt.exe /nologo /verbose /out:"Debug\NTFS_Converter.exe.embed.manifest" /manifest Debug\NTFS_Converter.exe.intermediate.manifest
         Для всех выходных данных обновления не требуется.
       LinkEmbedManifest:
         Для всех выходных данных обновления не требуется.
         NTFS_Converter.vcxproj -> C:\Users\Jafar\Documents\My Projects\NTFS_Converter\Debug\NTFS_Converter.exe
       FinalizeBuildStatus:
         Файл "Debug\NTFS_Converter.unsuccessfulbuild" удаляется.
         Обращение к "Debug\NTFS_Converter.lastbuildstate".
     1>Построение проекта "C:\Users\Jafar\Documents\My Projects\NTFS_Converter\NTFS_Converter\NTFS_Converter.vcxproj" завершено (целевые объекты build).

Построение успешно завершено.

Затраченное время: 00:00:01.70
